This is pdfTeX, Version 3.14159265-2.6-1.40.17 (TeX Live 2016) (preloaded format=pdflatex 2017.2.11)  12 APR 2017 08:16
entering extended mode
 restricted \write18 enabled.
 file:line:error style messages enabled.
 %&-line parsing enabled.
**samplebody-conf.tex
(./samplebody-conf.tex
LaTeX2e <2017/01/01> patch level 1
Babel <3.9r> and hyphenation patterns for 83 language(s) loaded.
./samplebody-conf.tex:1: Undefined control sequence.
l.1 \section
            {Introduction}
? 
./samplebody-conf.tex:1: Emergency stop.
l.1 \section
            {Introduction}
End of file on the terminal!

 
Here is how much of TeX's memory you used:
 5 strings out of 493013
 159 string characters out of 6133343
 53645 words of memory out of 5000000
 3649 multiletter control sequences out of 15000+600000
 3640 words of font info for 14 fonts, out of 8000000 for 9000
 1141 hyphenation exceptions out of 8191
 5i,0n,1p,44b,8s stack positions out of 5000i,500n,10000p,200000b,80000s
./samplebody-conf.tex:1:  ==> Fatal error occurred, no output PDF file produced
!
